<?xml version="1.0" encoding="UTF-8"?>
<!-- Generated by org.testng.reporters.JUnitReportReporter -->
<testsuite hostname="shahnawaz-hp-probook-440-g5" name="cucumberIntegrationTests.CucumberRunnerUtil" tests="1" failures="0" timestamp="12 Feb 2020 05:12:28 GMT" time="123.894" errors="0">
  <testcase name="feature" time="123.894" classname="cucumberIntegrationTests.CucumberRunnerUtil"/>
</testsuite> <!-- cucumberIntegrationTests.CucumberRunnerUtil -->
